<?xml version="1.0" encoding="UTF-8"?>
<!-- Generated by org.testng.reporters.JUnitXMLReporter -->
<testsuite ignored="2" hostname="MacBook-Pro-Eva.local" failures="0" tests="0" name="/Users/evaluck/IdeaProjects/DemoQAWinter24" time="40.292" errors="0" timestamp="2024-06-21T14:03:10 KGT">
  <testcase classname="BaseTest" name="@AfterTest tearDown" time="0.0">
    <ignored/>
  </testcase> <!-- @AfterTest tearDown -->
  <testcase classname="BaseTest" name="@AfterTest tearDown" time="0.0">
    <ignored/>
  </testcase> <!-- @AfterTest tearDown -->
</testsuite> <!-- /Users/evaluck/IdeaProjects/DemoQAWinter24 -->
