<?xml version="1.0" encoding="UTF-8"?>
<!-- Generated by org.testng.reporters.JUnitXMLReporter -->
<testsuite ignored="4" hostname="MacBook-Pro-Eva.local" failures="0" tests="5" name="/Users/evaluck/IdeaProjects/DemoQAWinter24/src/test" time="50.578" errors="0" timestamp="2024-06-21T14:02:29 KGT">
  <testcase classname="TextBoxTest" name="textBoxTest" time="14.288"/>
  <testcase classname="PracticeFormTest" name="practiceFormTest" time="12.286"/>
  <testcase classname="ProgressBarTest" name="progressBarTest" time="12.844"/>
  <testcase classname="MenuTest" name="moveToElementTest" time="6.712"/>
  <testcase classname="WebTableTest" name="test123" time="4.185"/>
  <testcase classname="BaseTest" name="@AfterTest tearDown" time="0.0">
    <ignored/>
  </testcase> <!-- @AfterTest tearDown -->
  <testcase classname="BaseTest" name="@AfterTest tearDown" time="0.0">
    <ignored/>
  </testcase> <!-- @AfterTest tearDown -->
  <testcase classname="BaseTest" name="@AfterTest tearDown" time="0.0">
    <ignored/>
  </testcase> <!-- @AfterTest tearDown -->
  <testcase classname="BaseTest" name="@AfterTest tearDown" time="0.0">
    <ignored/>
  </testcase> <!-- @AfterTest tearDown -->
</testsuite> <!-- /Users/evaluck/IdeaProjects/DemoQAWinter24/src/test -->
